Build started 10/05/2016 20:56:06.
     1>Project "C:\Users\StevenD\Desktop\triviaProjectAdditionalFiles\Project\end-project\Server\Server.vcxproj" on node 2 (Build target(s)).
     1>ClCompile:
         C:\Program Files (x86)\Microsoft Visual Studio 12.0\VC\bin\CL.exe /c /ZI /nologo /W3 /WX- /sdl /Od /Oy- /D _MBCS /Gm /EHsc /RTC1 /MDd /GS /fp:precise /Zc:wchar_t /Zc:forScope /Fo"Debug\\" /Fd"Debug\vc120.pdb" /Gd /TP /analyze- /errorReport:prompt Helper.cpp
         Helper.cpp
       Link:
         C:\Program Files (x86)\Microsoft Visual Studio 12.0\VC\bin\link.exe /ERRORREPORT:PROMPT /OUT:"C:\Users\StevenD\Desktop\triviaProjectAdditionalFiles\Project\end-project\Debug\Server.exe" /INCREMENTAL /NOLOGO kernel32.lib user32.lib gdi32.lib winspool.lib comdlg32.lib advapi32.lib shell32.lib ole32.lib oleaut32.lib uuid.lib odbc32.lib odbccp32.lib /MANIFEST /MANIFESTUAC:"level='asInvoker' uiAccess='false'" /manifest:embed /DEBUG /PDB:"C:\Users\StevenD\Desktop\triviaProjectAdditionalFiles\Project\end-project\Debug\Server.pdb" /TLBID:1 /DYNAMICBASE /NXCOMPAT /IMPLIB:"C:\Users\StevenD\Desktop\triviaProjectAdditionalFiles\Project\end-project\Debug\Server.lib" /MACHINE:X86 Debug\Helper.obj
         Debug\Source.obj
         Debug\sqlite3.obj
     1>Helper.obj : error LNK2019: unresolved external symbol __imp__recv@16 referenced in function "public: static char * __cdecl Helper::getPartFromSocket(unsigned int,int,int)" (?getPartFromSocket@Helper@@SAPADIHH@Z)
     1>Helper.obj : error LNK2019: unresolved external symbol __imp__send@16 referenced in function "public: static void __cdecl Helper::sendData(unsigned int,class std::basic_string<char,struct std::char_traits<char>,class std::allocator<char> >)" (?sendData@Helper@@SAXIV?$basic_string@DU?$char_traits@D@std@@V?$allocator@D@2@@std@@@Z)
     1>C:\Users\StevenD\Desktop\triviaProjectAdditionalFiles\Project\end-project\Debug\Server.exe : fatal error LNK1120: 2 unresolved externals
     1>Done Building Project "C:\Users\StevenD\Desktop\triviaProjectAdditionalFiles\Project\end-project\Server\Server.vcxproj" (Build target(s)) -- FAILED.

Build FAILED.

Time Elapsed 00:00:00.77
